<?xml version="1.0" encoding="utf-8"?><testsuites name="pytest tests"><testsuite name="pytest" errors="0" failures="0" skipped="0" tests="26" time="4.408" timestamp="2026-06-23T22:03:01.083740+00:00" hostname="agent-env-08e9adeb-2cab-4209-b7e1-48c3b16ba231"><testcase classname="backend.tests.test_hanum_backend.TestAuth" name="test_login_owner" time="0.493" /><testcase classname="backend.tests.test_hanum_backend.TestAuth" name="test_login_bad_password" time="0.272" /><testcase classname="backend.tests.test_hanum_backend.TestAuth" name="test_me" time="0.312" /><testcase classname="backend.tests.test_hanum_backend.TestAuth" name="test_me_no_token" time="0.044" /><testcase classname="backend.tests.test_hanum_backend.TestAuth" name="test_register_duplicate" time="0.059" /><testcase classname="backend.tests.test_hanum_backend.TestServices" name="test_list_services_seeded" time="0.047" /><testcase classname="backend.tests.test_hanum_backend.TestServices" name="test_service_crud" time="0.139" /><testcase classname="backend.tests.test_hanum_backend.TestCustomers" name="test_customer_crud" time="0.206" /><testcase classname="backend.tests.test_hanum_backend.TestOrdersPOS" name="test_order_totals_and_invoice" time="0.061" /><testcase classname="backend.tests.test_hanum_backend.TestOrdersPOS" name="test_order_get_and_list" time="0.093" /><testcase classname="backend.tests.test_hanum_backend.TestOrdersPOS" name="test_order_update_status_and_items" time="0.105" /><testcase classname="backend.tests.test_hanum_backend.TestOrdersPOS" name="test_order_delete_kasir_forbidden" time="0.629" /><testcase classname="backend.tests.test_hanum_backend.TestOrdersPOS" name="test_order_delete_owner" time="0.135" /><testcase classname="backend.tests.test_hanum_backend.TestPortalRPC" name="test_customer_creates_order_and_mine" time="0.670" /><testcase classname="backend.tests.test_hanum_backend.TestPortalRPC" name="test_pelanggan_cannot_list_orders" time="0.047" /><testcase classname="backend.tests.test_hanum_backend.TestPortalRPC" name="test_claim_order" time="0.176" /><testcase classname="backend.tests.test_hanum_backend.TestPortalRPC" name="test_cancel_perlu_timbang" time="0.135" /><testcase classname="backend.tests.test_hanum_backend.TestExpensesCash" name="test_expense_flow" time="0.191" /><testcase classname="backend.tests.test_hanum_backend.TestExpensesCash" name="test_cash_flow" time="0.143" /><testcase classname="backend.tests.test_hanum_backend.TestDashboardReports" name="test_dashboard_keys" time="0.045" /><testcase classname="backend.tests.test_hanum_backend.TestDashboardReports" name="test_reports_owner" time="0.043" /><testcase classname="backend.tests.test_hanum_backend.TestDashboardReports" name="test_reports_kasir_forbidden" time="0.044" /><testcase classname="backend.tests.test_hanum_backend.TestUsersRoles" name="test_users_list_owner" time="0.044" /><testcase classname="backend.tests.test_hanum_backend.TestUsersRoles" name="test_users_list_kasir_forbidden" time="0.042" /><testcase classname="backend.tests.test_hanum_backend.TestUsersRoles" name="test_kasir_cannot_change_role" time="0.042" /><testcase classname="backend.tests.test_hanum_backend.TestUsersRoles" name="test_pelanggan_cannot_create_customer" time="0.084" /></testsuite></testsuites>